<?xml version="1.0" encoding="UTF-8"?>
<!-- Generated by org.testng.reporters.JUnitReportReporter -->
<testsuite skipped="0" hostname="DBZ7FSN2" name="org.example.AppTest" tests="1" failures="0" timestamp="05 Apr 2020 16:20:04 GMT" time="0.006" errors="0">
  <testcase name="shouldAnswerWithTrue" time="0.006" classname="org.example.AppTest"/>
</testsuite> <!-- org.example.AppTest -->
