<?xml version="1.0" encoding="UTF-8"?>
<!-- Generated by org.testng.reporters.JUnitReportReporter -->
<testsuite skipped="0" hostname="DBZ7FSN2" name="org.example.AppTest" tests="1" failures="0" timestamp="05 Apr 2020 13:20:49 GMT" time="13.272" errors="0">
  <testcase name="TestCase1" time="13.272" classname="org.example.AppTest"/>
</testsuite> <!-- org.example.AppTest -->
