<?xml version="1.0" encoding="UTF-8"?>
<!-- Generated by org.testng.reporters.JUnitReportReporter -->
<testsuite skipped="0" hostname="DBZ7FSN2" name="com.fico.tests.TestClass1" tests="4" failures="0" timestamp="03 Apr 2020 08:38:53 GMT" time="0.001" errors="0">
  <testcase name="TestCase1" time="0.000" classname="com.fico.tests.TestClass1"/>
  <testcase name="TestCase1" time="0.000" classname="com.fico.tests.TestClass1"/>
  <testcase name="TestCase2" time="0.000" classname="com.fico.tests.TestClass1"/>
  <testcase name="TestCase1" time="0.001" classname="com.fico.tests.TestClass1"/>
</testsuite> <!-- com.fico.tests.TestClass1 -->
